<?xml version="1.0" encoding="UTF-8"?>
<!-- Generated by org.testng.reporters.JUnitReportReporter -->
<testsuite hostname="347082d778585df" failures="0" tests="8" name="testcases.socialService_testcase" time="33.263" errors="0" timestamp="2025-03-04T10:19:15 IST" skipped="0">
  <testcase classname="testcases.socialService_testcase" name="verifyTitleOfTheHomePage" time="15.912"/>
  <testcase classname="testcases.socialService_testcase" name="verifySocialServiceModuleIsPresentAndGoToSocialServiceTab" time="2.690"/>
  <testcase classname="testcases.socialService_testcase" name="registerNewSSUPatientButtonIsPresent" time="2.954"/>
  <testcase classname="testcases.socialService_testcase" name="validateTheErrorMessageInFirstnameTextfield" time="3.286"/>
  <testcase classname="testcases.socialService_testcase" name="fillDataInTextfieldsAndVerifyEnteredData" time="0.760"/>
  <testcase classname="testcases.socialService_testcase" name="scrollToButtomOfThePageAndVerifyCloseButtonIsPresent" time="6.269"/>
  <testcase classname="testcases.socialService_testcase" name="validateWarnningMessageForMembershipDropdown" time="0.168"/>
  <testcase classname="testcases.socialService_testcase" name="verifyYesIsSelectedFromHasTargetGroupCertificateDropdownAndValidateTextbox" time="1.224"/>
</testsuite> <!-- testcases.socialService_testcase -->
