<?xml version="1.0" encoding="UTF-8"?>
<!-- Generated by org.testng.reporters.JUnitReportReporter -->
<testsuite hostname="Abhisheks-MacBook-Air.local" failures="0" tests="4" name="testcases.medicalRecord_testcase" time="100.071" errors="0" timestamp="2025-05-13T19:48:22 IST" skipped="0">
  <testcase classname="testcases.medicalRecord_testcase" name="verifymedicalRecordModule" time="35.139"/>
  <testcase classname="testcases.medicalRecord_testcase" name="verifyMedicalRecordSubModules" time="5.847"/>
  <testcase classname="testcases.medicalRecord_testcase" name="verifyMROutpatientComponents" time="27.557"/>
  <testcase classname="testcases.medicalRecord_testcase" name="verifyNavigationBetweenSubmodules" time="31.528"/>
</testsuite> <!-- testcases.medicalRecord_testcase -->
