<?xml version="1.0" encoding="UTF-8"?>
<!-- Generated by org.testng.reporters.JUnitReportReporter -->
<testsuite hostname="d5442090c1b857b" failures="0" tests="6" name="testcases.patient_testcase" time="25.524" errors="0" timestamp="2025-03-24T15:43:05 IST" skipped="0">
  <testcase classname="testcases.patient_testcase" name="verifyTitleAndURLOfTheHomePage" time="10.704"/>
  <testcase classname="testcases.patient_testcase" name="verifyAllPresenceOfFieldIfPatientModuleIsPresent" time="1.320"/>
  <testcase classname="testcases.patient_testcase" name="verifyPlaceholderNameOfTexbox" time="1.050"/>
  <testcase classname="testcases.patient_testcase" name="verifyTakeASnapshotButtonIsPresent" time="4.768"/>
  <testcase classname="testcases.patient_testcase" name="verifyErrorMessage" time="6.301"/>
  <testcase classname="testcases.patient_testcase" name="verifyTextboxIsPresentAndValidateEnteredValue" time="1.381"/>
</testsuite> <!-- testcases.patient_testcase -->
